2024-04-09 15:27:33.383 INFO  [main] [com.gls.ppldv.PpldvApplication] - Starting PpldvApplication using Java 11.0.20 on DESKTOP-9NG7NK6 with PID 10732 (C:\Users\ASUS\Desktop\BITS_project\gls(boot)\project\target\classes started by ASUS in C:\Users\ASUS\Desktop\BITS_project\gls(boot)\project)
2024-04-09 15:27:33.387 INFO  [main] [com.gls.ppldv.PpldvApplication] - No active profile set, falling back to 1 default profile: "default"
2024-04-09 15:27:33.869 INFO  [main] [o.s.d.r.c.RepositoryConfigurationDelegate] - Bootstrapping Spring Data JPA repositories in DEFAULT mode.
2024-04-09 15:27:33.946 INFO  [main] [o.s.d.r.c.RepositoryConfigurationDelegate] - Finished Spring Data repository scanning in 69 ms. Found 5 JPA repository interfaces.
2024-04-09 15:27:34.513 INFO  [main] [o.s.b.w.embedded.tomcat.TomcatWebServer] - Tomcat initialized with port(s): 8080 (http)
2024-04-09 15:27:34.520 INFO  [main] [o.apache.coyote.http11.Http11NioProtocol] - Initializing ProtocolHandler ["http-nio-8080"]
2024-04-09 15:27:34.522 INFO  [main] [org.apache.catalina.core.StandardService] - Starting service [Tomcat]
2024-04-09 15:27:34.522 INFO  [main] [org.apache.catalina.core.StandardEngine] - Starting Servlet engine: [Apache Tomcat/9.0.83]
2024-04-09 15:27:34.775 INFO  [main] [org.apache.jasper.servlet.TldScanner] - At least one JAR was scanned for TLDs yet contained no TLDs. Enable debug logging for this logger for a complete list of JARs that were scanned but no TLDs were found in them. Skipping unneeded JARs during scanning can improve startup time and JSP compilation time.
2024-04-09 15:27:34.793 INFO  [main] [o.a.c.c.C.[Tomcat].[localhost].[/]] - Initializing Spring embedded WebApplicationContext
2024-04-09 15:27:34.793 INFO  [main] [o.s.b.w.s.c.ServletWebServerApplicationContext] - Root WebApplicationContext: initialization completed in 1368 ms
2024-04-09 15:27:34.961 INFO  [main] [o.hibernate.jpa.internal.util.LogHelper] - HHH000204: Processing PersistenceUnitInfo [name: default]
2024-04-09 15:27:35.001 INFO  [main] [org.hibernate.Version] - HHH000412: Hibernate ORM core version 5.6.15.Final
2024-04-09 15:27:35.150 INFO  [main] [org.hibernate.annotations.common.Version] - HCANN000001: Hibernate Commons Annotations {5.1.2.Final}
2024-04-09 15:27:35.259 WARN  [main] [com.zaxxer.hikari.HikariConfig] - HikariPool-1 - idleTimeout has been set but has no effect because the pool is operating as a fixed size pool.
2024-04-09 15:27:35.260 INFO  [main] [com.zaxxer.hikari.HikariDataSource] - HikariPool-1 - Starting...
2024-04-09 15:27:35.620 INFO  [main] [com.zaxxer.hikari.pool.HikariPool] - HikariPool-1 - Added connection com.mysql.cj.jdbc.ConnectionImpl@43f99817
2024-04-09 15:27:35.623 INFO  [main] [com.zaxxer.hikari.HikariDataSource] - HikariPool-1 - Start completed.
2024-04-09 15:27:35.664 INFO  [main] [org.hibernate.dialect.Dialect] - HHH000400: Using dialect: org.hibernate.dialect.MySQL8Dialect
2024-04-09 15:27:36.378 INFO  [main] [o.h.e.t.j.p.i.JtaPlatformInitiator] - HHH000490: Using JtaPlatform implementation: [org.hibernate.engine.transaction.jta.platform.internal.NoJtaPlatform]
2024-04-09 15:27:36.390 INFO  [main] [o.s.o.j.LocalContainerEntityManagerFactoryBean] - Initialized JPA EntityManagerFactory for persistence unit 'default'
2024-04-09 15:27:37.438 WARN  [main] [o.s.b.a.o.j.JpaBaseConfiguration$JpaWebConfiguration] - spring.jpa.open-in-view is enabled by default. Therefore, database queries may be performed during view rendering. Explicitly configure spring.jpa.open-in-view to disable this warning
2024-04-09 15:27:37.730 INFO  [main] [o.s.s.web.DefaultSecurityFilterChain] - Will secure any request with [org.springframework.security.web.session.DisableEncodeUrlFilter@495cac83, org.springframework.security.web.context.request.async.WebAsyncManagerIntegrationFilter@7225583d, org.springframework.security.web.context.SecurityContextPersistenceFilter@29aa29f5, org.springframework.security.web.header.HeaderWriterFilter@569d7074, org.springframework.security.web.csrf.CsrfFilter@5da08e9a, org.springframework.security.web.authentication.logout.LogoutFilter@6cf633eb, org.springframework.security.web.authentication.UsernamePasswordAuthenticationFilter@443819d5, org.springframework.security.web.savedrequest.RequestCacheAwareFilter@4e41b993, org.springframework.security.web.servletapi.SecurityContextHolderAwareRequestFilter@915c47b, org.springframework.security.web.authentication.rememberme.RememberMeAuthenticationFilter@76958827, org.springframework.security.web.authentication.AnonymousAuthenticationFilter@5fe7454c, org.springframework.security.web.session.SessionManagementFilter@33e6176b, org.springframework.security.web.access.ExceptionTranslationFilter@664c411d, org.springframework.security.web.access.intercept.FilterSecurityInterceptor@66b9f727]
2024-04-09 15:27:37.913 INFO  [main] [o.apache.coyote.http11.Http11NioProtocol] - Starting ProtocolHandler ["http-nio-8080"]
2024-04-09 15:27:37.933 INFO  [main] [o.s.b.w.embedded.tomcat.TomcatWebServer] - Tomcat started on port(s): 8080 (http) with context path ''
2024-04-09 15:27:37.940 INFO  [main] [com.gls.ppldv.PpldvApplication] - Started PpldvApplication in 4.877 seconds (JVM running for 5.72)
2024-04-09 15:27:38.034 INFO  [http-nio-8080-exec-1] [o.a.c.c.C.[Tomcat].[localhost].[/]] - Initializing Spring DispatcherServlet 'dispatcherServlet'
2024-04-09 15:27:38.035 INFO  [http-nio-8080-exec-1] [o.s.web.servlet.DispatcherServlet] - Initializing Servlet 'dispatcherServlet'
2024-04-09 15:27:38.036 INFO  [http-nio-8080-exec-1] [o.s.web.servlet.DispatcherServlet] - Completed initialization in 1 ms
2024-04-09 15:27:39.028 WARN  [http-nio-8080-exec-1] [o.a.catalina.util.SessionIdGeneratorBase] - Creation of SecureRandom instance for session ID generation using [SHA1PRNG] took [393] milliseconds.
2024-04-09 15:27:40.462 WARN  [http-nio-8080-exec-2] [o.s.web.servlet.PageNotFound] - No mapping for GET /favicon.ico
2024-04-09 15:39:00.371 INFO  [http-nio-8080-exec-10] [com.gls.ppldv.common.aop.AOPAdvice] - ========================================
2024-04-09 15:39:00.371 INFO  [http-nio-8080-exec-10] [com.gls.ppldv.common.aop.AOPAdvice] - ------------ AROUND START --------------
2024-04-09 15:39:00.371 INFO  [http-nio-8080-exec-10] [com.gls.ppldv.common.aop.AOPAdvice] - target : com.gls.ppldv.user.service.MemberServiceImpl@4c5d1649
2024-04-09 15:39:00.372 INFO  [http-nio-8080-exec-10] [com.gls.ppldv.common.aop.AOPAdvice] - name : register
2024-04-09 15:39:00.372 INFO  [http-nio-8080-exec-10] [com.gls.ppldv.common.aop.AOPAdvice] - parameter : [Member(id=null, name=사업가, email=test@test.com, password=a1111111, birth=Mon Apr 01 00:00:00 KST 2024, phoneNo=01011111111, pc5=46762, address=부산광역시 강서구 명지오션시티10로 61, detail=테스트, role=BUSINESS, gender=MALE, bname=회사1, bpc5=46762, baddress=부산광역시 강서구 명지오션시티10로 61, bdetail=test, bphone=01011111111, imgUrl=null, fileName=null), null]
2024-04-09 15:39:00.479 INFO  [http-nio-8080-exec-10] [com.gls.ppldv.common.aop.AOPAdvice] - around AFTER : Register Success
2024-04-09 15:39:00.479 INFO  [http-nio-8080-exec-10] [com.gls.ppldv.common.aop.AOPAdvice] - -------------- AROUND END --------------
2024-04-09 15:39:00.479 INFO  [http-nio-8080-exec-10] [com.gls.ppldv.common.aop.AOPAdvice] - ========================================
2024-04-09 15:41:24.200 INFO  [http-nio-8080-exec-7] [com.gls.ppldv.common.aop.AOPAdvice] - ========================================
2024-04-09 15:41:24.200 INFO  [http-nio-8080-exec-7] [com.gls.ppldv.common.aop.AOPAdvice] - ------------ AROUND START --------------
2024-04-09 15:41:24.200 INFO  [http-nio-8080-exec-7] [com.gls.ppldv.common.aop.AOPAdvice] - target : com.gls.ppldv.developer.service.DeveloperServiceImpl@5dd79a57
2024-04-09 15:41:24.200 INFO  [http-nio-8080-exec-7] [com.gls.ppldv.common.aop.AOPAdvice] - name : getPageMaker
2024-04-09 15:41:24.200 INFO  [http-nio-8080-exec-7] [com.gls.ppldv.common.aop.AOPAdvice] - parameter : [1, Cri(page1=1, perPageNum1=5)]
2024-04-09 15:41:24.227 INFO  [http-nio-8080-exec-7] [com.gls.ppldv.common.aop.AOPAdvice] - around AFTER : PMaker(totalCount=0, startPage=1, endPage=0, maxPage=0, displayPageNum=5, first=false, last=true, prev=false, next=false, cri=Cri(page1=1, perPageNum1=5))
2024-04-09 15:41:24.227 INFO  [http-nio-8080-exec-7] [com.gls.ppldv.common.aop.AOPAdvice] - -------------- AROUND END --------------
2024-04-09 15:41:24.227 INFO  [http-nio-8080-exec-7] [com.gls.ppldv.common.aop.AOPAdvice] - ========================================
2024-04-09 15:41:24.227 INFO  [http-nio-8080-exec-7] [com.gls.ppldv.common.aop.AOPAdvice] - ========================================
2024-04-09 15:41:24.227 INFO  [http-nio-8080-exec-7] [com.gls.ppldv.common.aop.AOPAdvice] - ------------ AROUND START --------------
2024-04-09 15:41:24.227 INFO  [http-nio-8080-exec-7] [com.gls.ppldv.common.aop.AOPAdvice] - target : com.gls.ppldv.developer.service.DeveloperServiceImpl@5dd79a57
2024-04-09 15:41:24.227 INFO  [http-nio-8080-exec-7] [com.gls.ppldv.common.aop.AOPAdvice] - name : getPageMaker
2024-04-09 15:41:24.227 INFO  [http-nio-8080-exec-7] [com.gls.ppldv.common.aop.AOPAdvice] - parameter : [Criteria(page=1, perPageNum=10)]
2024-04-09 15:41:24.232 INFO  [http-nio-8080-exec-7] [com.gls.ppldv.common.aop.AOPAdvice] - around AFTER : PageMaker(totalCount=0, startPage=1, endPage=0, maxPage=0, displayPageNum=5, first=false, last=true, prev=false, next=false, cri=Criteria(page=1, perPageNum=10))
2024-04-09 15:41:24.232 INFO  [http-nio-8080-exec-7] [com.gls.ppldv.common.aop.AOPAdvice] - -------------- AROUND END --------------
2024-04-09 15:41:24.232 INFO  [http-nio-8080-exec-7] [com.gls.ppldv.common.aop.AOPAdvice] - ========================================
2024-04-09 15:41:24.233 INFO  [http-nio-8080-exec-7] [com.gls.ppldv.common.aop.AOPAdvice] - ========================================
2024-04-09 15:41:24.233 INFO  [http-nio-8080-exec-7] [com.gls.ppldv.common.aop.AOPAdvice] - ------------ AROUND START --------------
2024-04-09 15:41:24.233 INFO  [http-nio-8080-exec-7] [com.gls.ppldv.common.aop.AOPAdvice] - target : com.gls.ppldv.developer.service.DeveloperServiceImpl@5dd79a57
2024-04-09 15:41:24.233 INFO  [http-nio-8080-exec-7] [com.gls.ppldv.common.aop.AOPAdvice] - name : searchDev
2024-04-09 15:41:24.233 INFO  [http-nio-8080-exec-7] [com.gls.ppldv.common.aop.AOPAdvice] - parameter : [1, Cri(page1=1, perPageNum1=5)]
2024-04-09 15:41:24.241 INFO  [http-nio-8080-exec-7] [com.gls.ppldv.common.aop.AOPAdvice] - around AFTER : Page 1 of 0 containing UNKNOWN instances
2024-04-09 15:41:24.241 INFO  [http-nio-8080-exec-7] [com.gls.ppldv.common.aop.AOPAdvice] - -------------- AROUND END --------------
2024-04-09 15:41:24.241 INFO  [http-nio-8080-exec-7] [com.gls.ppldv.common.aop.AOPAdvice] - ========================================
2024-04-09 15:41:24.243 INFO  [http-nio-8080-exec-7] [com.gls.ppldv.common.aop.AOPAdvice] - ========================================
2024-04-09 15:41:24.243 INFO  [http-nio-8080-exec-7] [com.gls.ppldv.common.aop.AOPAdvice] - ------------ AROUND START --------------
2024-04-09 15:41:24.243 INFO  [http-nio-8080-exec-7] [com.gls.ppldv.common.aop.AOPAdvice] - target : com.gls.ppldv.developer.service.DeveloperServiceImpl@5dd79a57
2024-04-09 15:41:24.243 INFO  [http-nio-8080-exec-7] [com.gls.ppldv.common.aop.AOPAdvice] - name : searchDev2
2024-04-09 15:41:24.243 INFO  [http-nio-8080-exec-7] [com.gls.ppldv.common.aop.AOPAdvice] - parameter : [Criteria(page=1, perPageNum=10)]
2024-04-09 15:41:24.247 INFO  [http-nio-8080-exec-7] [com.gls.ppldv.common.aop.AOPAdvice] - around AFTER : Page 1 of 0 containing UNKNOWN instances
2024-04-09 15:41:24.247 INFO  [http-nio-8080-exec-7] [com.gls.ppldv.common.aop.AOPAdvice] - -------------- AROUND END --------------
2024-04-09 15:41:24.247 INFO  [http-nio-8080-exec-7] [com.gls.ppldv.common.aop.AOPAdvice] - ========================================
2024-04-09 15:59:59.440 INFO  [RMI TCP Connection(42)-127.0.0.1] [o.s.b.a.SpringApplicationAdminMXBeanRegistrar$SpringApplicationAdmin] - Application shutdown requested.
2024-04-09 15:59:59.787 INFO  [RMI TCP Connection(42)-127.0.0.1] [o.apache.coyote.http11.Http11NioProtocol] - Pausing ProtocolHandler ["http-nio-8080"]
2024-04-09 15:59:59.787 INFO  [RMI TCP Connection(42)-127.0.0.1] [org.apache.catalina.core.StandardService] - Stopping service [Tomcat]
2024-04-09 15:59:59.789 INFO  [RMI TCP Connection(42)-127.0.0.1] [o.a.c.c.C.[Tomcat].[localhost].[/]] - Destroying Spring FrameworkServlet 'dispatcherServlet'
2024-04-09 15:59:59.792 INFO  [RMI TCP Connection(42)-127.0.0.1] [o.apache.coyote.http11.Http11NioProtocol] - Stopping ProtocolHandler ["http-nio-8080"]
2024-04-09 15:59:59.798 INFO  [RMI TCP Connection(42)-127.0.0.1] [o.s.o.j.LocalContainerEntityManagerFactoryBean] - Closing JPA EntityManagerFactory for persistence unit 'default'
2024-04-09 15:59:59.799 INFO  [RMI TCP Connection(42)-127.0.0.1] [com.zaxxer.hikari.HikariDataSource] - HikariPool-1 - Shutdown initiated...
2024-04-09 15:59:59.812 INFO  [RMI TCP Connection(42)-127.0.0.1] [com.zaxxer.hikari.HikariDataSource] - HikariPool-1 - Shutdown completed.
